<?xml version="1.0" encoding="UTF-8"?>
<!-- Generated by org.testng.reporters.JUnitXMLReporter -->
<testsuite ignored="0" hostname="LenovoIdeaPad" failures="1" tests="1" name="Test Gmail with FireFox" time="26.077" errors="0" timestamp="2025-02-26T16:07:44 IST">
  <testcase classname="tests.TestGmail" name="testGmail" time="11.049">
    <failure type="java.lang.AssertionError" message="expected [Google] but found [Gmail]">
      <![CDATA[java.lang.AssertionError: expected [Google] but found [Gmail]
at tests.TestGmail.testGmail(TestGmail.java:33)
at java.base/java.util.ArrayList.forEach(ArrayList.java:1511)
at java.base/java.util.concurrent.FutureTask.run(FutureTask.java:264)
at java.base/java.util.concurrent.ThreadPoolExecutor.runWorker(ThreadPoolExecutor.java:1136)
at java.base/java.util.concurrent.ThreadPoolExecutor$Worker.run(ThreadPoolExecutor.java:635)
at java.base/java.lang.Thread.run(Thread.java:833)
... Removed 24 stack frames]]>
    </failure>
  </testcase> <!-- testGmail -->
</testsuite> <!-- Test Gmail with FireFox -->
